{'time': '2018-06-08 13:54:41.393279', 'data': '浠澶╁凡★澶╁ュэ'}
{'time': '2018-06-08 13:59:35.243178', 'data': '浠澶╁凡★澶╁ュэ'}
{'time': '2018-06-08 13:59:47.901615', 'data': '浠澶╁凡★澶╁ュэ'}
{'time': '2018-06-08 13:59:54.200767', 'data': '浠澶╁凡★澶╁ュэ'}
{'time': '2018-06-08 14:00:00.449344', 'data': '浠澶╁凡★澶╁ュэ'}
{'time': '2018-06-08 14:00:06.768747', 'data': '浠澶╁凡★澶╁ュэ'}
{'time': '2018-06-08 14:00:13.042233', 'data': '浠澶╁凡★澶╁ュэ'}
{'time': '2018-06-08 14:00:19.372704', 'data': '浠澶╁凡★澶╁ュэ'}
{'time': '2018-06-08 14:00:25.643271', 'data': '浠澶╁凡★澶╁ュэ'}
{'time': '2018-06-08 14:02:16.372319', 'data': '浠澶╁凡★澶╁ュэ'}
{'time': '2018-06-08 14:02:31.966946', 'data': '浠澶╁凡★澶╁ュэ'}
{'time': '2018-06-08 14:02:38.219389', 'data': '浠澶╁凡★澶╁ュэ'}
{'time': '2018-06-08 14:02:44.460940', 'data': '浠澶╁凡★澶╁ュэ'}
{'time': '2018-06-08 14:02:50.744803', 'data': '浠澶╁凡★澶╁ュэ'}
{'time': '2018-06-08 14:02:57.054056', 'data': '浠澶╁凡★澶╁ュэ'}
{'time': '2018-06-08 14:03:18.049494', 'data': '浠澶╁凡★澶╁ュэ'}
{'time': '2018-06-08 14:03:24.322450', 'data': '浠澶╁凡★澶╁ュэ'}
{'time': '2018-06-08 14:03:30.848800', 'data': '浠澶╁凡★澶╁ュэ'}
{'time': '2018-06-08 14:03:37.104093', 'data': '浠澶╁凡★澶╁ュэ'}
{'time': '2018-06-08 14:03:43.372828', 'data': '浠澶╁凡★澶╁ュэ'}
{'time': '2018-06-08 14:03:49.670601', 'data': '浠澶╁凡★澶╁ュэ'}
{'time': '2018-06-08 14:03:55.953566', 'data': '浠澶╁凡★澶╁ュэ'}
{'time': '2018-06-08 14:04:02.187887', 'data': '浠澶╁凡★澶╁ュэ'}
{'time': '2018-06-08 14:04:08.512968', 'data': '浠澶╁凡★澶╁ュэ'}
{'time': '2018-06-08 14:04:14.965144', 'data': '浠澶╁凡★澶╁ュэ'}
{'time': '2018-06-08 14:04:21.416664', 'data': '浠澶╁凡★澶╁ュэ'}
{'time': '2018-06-08 14:04:27.696909', 'data': '浠澶╁凡★澶╁ュэ'}
{'time': '2018-06-08 14:04:33.960503', 'data': '浠澶╁凡★澶╁ュэ'}
{'time': '2018-06-08 14:04:40.528859', 'data': '浠澶╁凡★澶╁ュэ'}
{'time': '2018-06-08 14:18:17.480601', 'data': '浠澶╁凡★澶╁ュэ'}
{'time': '2018-06-08 14:18:23.747842', 'data': '浠澶╁凡★澶╁ュэ'}
{'time': '2018-06-08 14:18:29.975734', 'data': '浠澶╁凡★澶╁ュэ'}
{'time': '2018-06-08 14:18:36.336934', 'data': '浠澶╁凡★澶╁ュэ'}
{'time': '2018-06-08 14:23:43.590177', 'data': '浠澶╁凡★澶╁ュэ'}
{'time': '2018-06-08 14:25:11.173645', 'data': '浠澶╁凡★澶╁ュэ'}
{'time': '2018-06-08 14:25:17.431592', 'data': '浠澶╁凡★澶╁ュэ'}
{'time': '2018-06-08 14:25:23.774498', 'data': '浠澶╁凡★澶╁ュэ'}
{'time': '2018-06-08 14:28:13.597572', 'data': '浠澶╁凡★澶╁ュэ'}
{'time': '2018-06-08 14:28:19.862845', 'data': '浠澶╁凡★澶╁ュэ'}
{'time': '2018-06-08 14:28:26.156395', 'data': '浠澶╁凡★澶╁ュэ'}
{'time': '2018-06-08 14:28:32.420956', 'data': '浠澶╁凡★澶╁ュэ'}
{'time': '2018-06-08 14:28:38.724002', 'data': '浠澶╁凡★澶╁ュэ'}
{'time': '2018-06-08 14:28:44.968748', 'data': '浠澶╁凡★澶╁ュэ'}
{'time': '2018-06-08 14:28:51.345234', 'data': '浠澶╁凡★澶╁ュэ'}
{'time': '2018-06-08 14:28:57.594948', 'data': '浠澶╁凡★澶╁ュэ'}
{'time': '2018-06-08 14:29:40.043248', 'data': '浠澶╁凡★澶╁ュэ'}
{'time': '2018-06-08 14:34:54.995300', 'data': '浠澶╁凡★澶╁ュэ'}
{'time': '2018-06-08 14:35:01.280549', 'data': '浠澶╁凡★澶╁ュэ'}
{'time': '2018-06-08 14:35:07.710195', 'data': '浠澶╁凡★澶╁ュэ'}
{'time': '2018-06-08 14:35:13.964813', 'data': '浠澶╁凡★澶╁ュэ'}
{'time': '2018-06-08 14:35:20.386527', 'data': '浠澶╁凡★澶╁ュэ'}
{'time': '2018-06-08 14:35:26.605460', 'data': '浠澶╁凡★澶╁ュэ'}
{'time': '2018-06-08 14:35:32.884523', 'data': '浠澶╁凡★澶╁ュэ'}
{'time': '2018-06-08 14:35:39.110083', 'data': '浠澶╁凡★澶╁ュэ'}
{'time': '2018-06-08 14:35:45.393331', 'data': '浠澶╁凡★澶╁ュэ'}
{'time': '2018-06-08 14:35:51.680755', 'data': '浠澶╁凡★澶╁ュэ'}
{'time': '2018-06-08 14:35:57.966101', 'data': '浠澶╁凡★澶╁ュэ'}
{'time': '2018-06-08 14:36:04.243547', 'data': '浠澶╁凡★澶╁ュэ'}
{'time': '2018-06-08 14:36:26.522341', 'data': '浠澶╁凡★澶╁ュэ'}
{'time': '2018-06-08 14:36:37.727592', 'data': '浠澶╁凡★澶╁ュэ'}
{'time': '2018-06-08 14:36:58.059119', 'data': '浠澶╁凡★澶╁ュэ'}
{'time': '2018-06-08 14:37:04.596450', 'data': '浠澶╁凡★澶╁ュэ'}
{'time': '2018-06-08 14:37:15.871413', 'data': '浠澶╁凡★澶╁ュэ'}
{'time': '2018-06-08 14:37:24.483004', 'data': '浠澶╁凡★澶╁ュэ'}
{'time': '2018-06-08 14:37:37.915114', 'data': '浠澶╁凡★澶╁ュэ'}
{'time': '2018-06-08 14:37:47.187130', 'data': '浠澶╁凡★澶╁ュэ'}
{'time': '2018-06-08 14:37:53.469146', 'data': '浠澶╁凡★澶╁ュэ'}
{'time': '2018-06-08 14:37:59.785826', 'data': '浠澶╁凡★澶╁ュэ'}
{'time': '2018-06-08 14:38:06.068509', 'data': '浠澶╁凡★澶╁ュэ'}
{'time': '2018-06-08 14:38:12.360133', 'data': '浠澶╁凡★澶╁ュэ'}
{'time': '2018-06-08 14:38:18.594318', 'data': '浠澶╁凡★澶╁ュэ'}
{'time': '2018-06-08 14:38:24.864750', 'data': '浠澶╁凡★澶╁ュэ'}
{'time': '2018-06-08 14:38:31.162249', 'data': '浠澶╁凡★澶╁ュэ'}
{'time': '2018-06-08 14:38:37.597544', 'data': '浠澶╁凡★澶╁ュэ'}
{'time': '2018-06-08 14:38:43.827626', 'data': '浠澶╁凡★澶╁ュэ'}
{'time': '2018-06-08 14:38:50.094730', 'data': '浠澶╁凡★澶╁ュэ'}
{'time': '2018-06-08 14:38:56.381222', 'data': '浠澶╁凡★澶╁ュэ'}
{'time': '2018-06-08 14:39:02.662937', 'data': '浠澶╁凡★澶╁ュэ'}
{'time': '2018-06-08 14:39:23.669178', 'data': '浠澶╁凡★澶╁ュэ'}
{'time': '2018-06-08 14:39:29.924530', 'data': '浠澶╁凡★澶╁ュэ'}
{'time': '2018-06-08 14:39:36.324271', 'data': '浠澶╁凡★澶╁ュэ'}
{'time': '2018-06-08 14:40:07.721716', 'data': '浠澶╁凡★澶╁ュэ'}
{'time': '2018-06-08 14:40:13.984541', 'data': '浠澶╁凡★澶╁ュэ'}
{'time': '2018-06-08 14:40:20.180946', 'data': '浠澶╁凡★澶╁ュэ'}
{'time': '2018-06-08 14:42:01.611351', 'data': '浠澶╁凡★澶╁ュэ'}
{'time': '2018-06-08 14:42:07.874957', 'data': '浠澶╁凡★澶╁ュэ'}
{'time': '2018-06-08 14:42:14.121636', 'data': '浠澶╁凡★澶╁ュэ'}
{'time': '2018-06-08 14:43:05.087660', 'data': '浠澶╁凡★澶╁ュэ'}
{'time': '2018-06-08 14:43:11.509657', 'data': '浠澶╁凡★澶╁ュэ'}
{'time': '2018-06-08 14:44:18.088318', 'data': '浠澶╁凡★澶╁ュэ'}
{'time': '2018-06-08 14:44:24.364095', 'data': '浠澶╁凡★澶╁ュэ'}
{'time': '2018-06-08 14:44:30.781947', 'data': '浠澶╁凡★澶╁ュэ'}
{'time': '2018-06-08 14:44:37.035541', 'data': '浠澶╁凡★澶╁ュэ'}
{'time': '2018-06-08 14:44:43.308106', 'data': '浠澶╁凡★澶╁ュэ'}
{'time': '2018-06-08 14:44:49.673766', 'data': '浠澶╁凡★澶╁ュэ'}
{'time': '2018-06-08 14:44:55.928596', 'data': '浠澶╁凡★澶╁ュэ'}
{'time': '2018-06-08 14:45:02.246665', 'data': '浠澶╁凡★澶╁ュэ'}
{'time': '2018-06-08 14:45:08.537212', 'data': '浠澶╁凡★澶╁ュэ'}
{'time': '2018-06-08 14:45:14.864102', 'data': '浠澶╁凡★澶╁ュэ'}
{'time': '2018-06-08 14:45:21.074507', 'data': '浠澶╁凡★澶╁ュэ'}
{'time': '2018-06-08 14:45:27.296164', 'data': '浠澶╁凡★澶╁ュэ'}
{'time': '2018-06-08 14:45:33.607613', 'data': '浠澶╁凡★澶╁ュэ'}
{'time': '2018-06-08 14:45:39.944201', 'data': '浠澶╁凡★澶╁ュэ'}
{'time': '2018-06-08 14:45:46.228011', 'data': '浠澶╁凡★澶╁ュэ'}
{'time': '2018-06-08 14:45:52.724205', 'data': '浠澶╁凡★澶╁ュэ'}
{'time': '2018-06-08 14:45:58.961701', 'data': '浠澶╁凡★澶╁ュэ'}
{'time': '2018-06-08 14:46:05.204200', 'data': '浠澶╁凡★澶╁ュэ'}
{'time': '2018-06-08 14:46:11.478610', 'data': '浠澶╁凡★澶╁ュэ'}
{'time': '2018-06-08 14:46:17.762168', 'data': '浠澶╁凡★澶╁ュэ'}
{'time': '2018-06-08 14:46:24.035798', 'data': '浠澶╁凡★澶╁ュэ'}
{'time': '2018-06-08 14:46:31.332858', 'data': '浠澶╁凡★澶╁ュэ'}
{'time': '2018-06-08 14:46:37.554748', 'data': '浠澶╁凡★澶╁ュэ'}
{'time': '2018-06-08 14:46:43.960681', 'data': '浠澶╁凡★澶╁ュэ'}
{'time': '2018-06-08 14:46:50.240186', 'data': '浠澶╁凡★澶╁ュэ'}
{'time': '2018-06-08 14:46:56.632020', 'data': '浠澶╁凡★澶╁ュэ'}
{'time': '2018-06-08 14:47:02.902200', 'data': '浠澶╁凡★澶╁ュэ'}
{'time': '2018-06-08 14:47:09.142648', 'data': '浠澶╁凡★澶╁ュэ'}
{'time': '2018-06-08 14:47:15.476185', 'data': '浠澶╁凡★澶╁ュэ'}
{'time': '2018-06-08 14:47:21.767588', 'data': '浠澶╁凡★澶╁ュэ'}
{'time': '2018-06-08 14:47:28.069023', 'data': '浠澶╁凡★澶╁ュэ'}
{'time': '2018-06-08 14:47:34.370579', 'data': '浠澶╁凡★澶╁ュэ'}
{'time': '2018-06-08 14:47:40.631064', 'data': '浠澶╁凡★澶╁ュэ'}
{'time': '2018-06-08 14:47:46.908830', 'data': '浠澶╁凡★澶╁ュэ'}
{'time': '2018-06-08 14:47:53.167872', 'data': '浠澶╁凡★澶╁ュэ'}
{'time': '2018-06-08 14:47:59.407537', 'data': '浠澶╁凡★澶╁ュэ'}
{'time': '2018-06-08 14:48:06.020095', 'data': '浠澶╁凡★澶╁ュэ'}
{'time': '2018-06-08 14:48:12.250173', 'data': '浠澶╁凡★澶╁ュэ'}
{'time': '2018-06-08 14:48:18.441039', 'data': '浠澶╁凡★澶╁ュэ'}
{'time': '2018-06-08 14:48:24.752102', 'data': '浠澶╁凡★澶╁ュэ'}
{'time': '2018-06-08 14:48:31.062738', 'data': '浠澶╁凡★澶╁ュэ'}
{'time': '2018-06-08 14:48:37.291591', 'data': '浠澶╁凡★澶╁ュэ'}
{'time': '2018-06-08 14:48:43.581157', 'data': '浠澶╁凡★澶╁ュэ'}
{'time': '2018-06-08 14:48:49.834302', 'data': '浠澶╁凡★澶╁ュэ'}
{'time': '2018-06-09 12:47:03.313020', 'data': '今天已打卡，明天再来吧！'}
{'time': '2018-06-09 12:47:03.516142', 'data': '今天已打卡，明天再来吧！'}
{'time': '2018-06-09 12:47:03.688030', 'data': '今天已打卡，明天再来吧！'}
{'time': '2018-06-09 12:47:03.859903', 'data': '今天已打卡，明天再来吧！'}
{'time': '2018-06-09 12:47:04.156778', 'data': '今天已打卡，明天再来吧！'}
{'time': '2018-06-09 12:47:04.328652', 'data': '今天已打卡，明天再来吧！'}
{'time': '2018-06-09 12:47:04.500600', 'data': '今天已打卡，明天再来吧！'}
{'time': '2018-06-09 12:47:04.672586', 'data': '今天已打卡，明天再来吧！'}
{'time': '2018-06-09 12:47:04.844268', 'data': '今天已打卡，明天再来吧！'}
{'time': '2018-06-09 12:47:05.000600', 'data': '今天已打卡，明天再来吧！'}
{'time': '2018-06-09 12:47:05.203654', 'data': '今天已打卡，明天再来吧！'}
{'time': '2018-06-09 12:47:05.391166', 'data': '今天已打卡，明天再来吧！'}
{'time': '2018-06-09 12:47:05.563024', 'data': '今天已打卡，明天再来吧！'}
{'time': '2018-06-09 12:47:05.734884', 'data': '今天已打卡，明天再来吧！'}
{'time': '2018-06-09 12:47:05.906774', 'data': '今天已打卡，明天再来吧！'}
{'time': '2018-06-09 12:47:06.078642', 'data': '今天已打卡，明天再来吧！'}
{'time': '2018-06-09 12:47:12.453635', 'data': '今天已打卡，明天再来吧！'}
{'time': '2018-06-09 12:47:12.625594', 'data': '今天已打卡，明天再来吧！'}
{'time': '2018-06-09 12:47:12.813009', 'data': '今天已打卡，明天再来吧！'}
{'time': '2018-06-09 12:47:13.016129', 'data': '今天已打卡，明天再来吧！'}
{'time': '2018-06-09 12:47:13.203654', 'data': '今天已打卡，明天再来吧！'}
{'time': '2018-06-09 12:47:13.375595', 'data': '今天已打卡，明天再来吧！'}
{'time': '2018-06-09 12:47:13.563032', 'data': '今天已打卡，明天再来吧！'}
{'time': '2018-06-09 12:47:13.734902', 'data': '今天已打卡，明天再来吧！'}
{'time': '2018-06-09 12:47:13.906826', 'data': '今天已打卡，明天再来吧！'}
{'time': '2018-06-09 12:47:14.125608', 'data': '今天已打卡，明天再来吧！'}
{'time': '2018-06-09 12:47:14.375665', 'data': '今天已打卡，明天再来吧！'}
{'time': '2018-06-09 12:47:14.547583', 'data': '今天已打卡，明天再来吧！'}
{'time': '2018-06-09 12:47:14.719255', 'data': '今天已打卡，明天再来吧！'}
{'time': '2018-06-09 12:47:14.891220', 'data': '今天已打卡，明天再来吧！'}
{'time': '2018-06-09 12:47:15.094268', 'data': '今天已打卡，明天再来吧！'}
{'time': '2018-06-09 12:47:15.281766', 'data': '今天已打卡，明天再来吧！'}
{'time': '2018-06-10 07:29:35.687000', 'data': '今天已打卡，明天再来吧！'}
{'time': '2018-06-10 07:29:35.874602', 'data': '今天已打卡，明天再来吧！'}
{'time': '2018-06-10 07:29:36.062011', 'data': '今天已打卡，明天再来吧！'}
{'time': '2018-06-10 07:29:36.218255', 'data': '今天已打卡，明天再来吧！'}
{'time': '2018-06-10 07:29:36.405749', 'data': '今天已打卡，明天再来吧！'}
{'time': '2018-06-10 07:29:36.687015', 'data': '今天已打卡，明天再来吧！'}
{'time': '2018-06-10 07:29:36.858873', 'data': '今天已打卡，明天再来吧！'}
{'time': '2018-06-10 07:29:37.015149', 'data': '今天已打卡，明天再来吧！'}
{'time': '2018-06-10 07:29:37.202642', 'data': '今天已打卡，明天再来吧！'}
{'time': '2018-06-10 07:29:37.358887', 'data': '今天已打卡，明天再来吧！'}
{'time': '2018-06-10 07:29:37.546575', 'data': '今天已打卡，明天再来吧！'}
{'time': '2018-06-10 07:29:37.733878', 'data': '今天已打卡，明天再来吧！'}
{'time': '2018-06-10 07:29:37.905774', 'data': '今天已打卡，明天再来吧！'}
{'time': '2018-06-10 07:29:38.108890', 'data': '今天已打卡，明天再来吧！'}
{'time': '2018-06-10 07:29:38.281047', 'data': '今天已打卡，明天再来吧！'}
{'time': '2018-06-10 07:29:38.468272', 'data': '今天已打卡，明天再来吧！'}
{'time': '2018-06-11 00:00:02.266750', 'data': ''}
{'time': '2018-06-11 00:00:02.679809', 'data': '今天已打卡，明天再来吧！'}
{'time': '2018-06-11 00:00:02.856563', 'data': '今天已打卡，明天再来吧！'}
{'time': '2018-06-11 00:00:03.188602', 'data': '今天已打卡，明天再来吧！'}
{'time': '2018-06-11 00:00:03.395625', 'data': '今天已打卡，明天再来吧！'}
{'time': '2018-06-11 00:00:03.578245', 'data': '今天已打卡，明天再来吧！'}
{'time': '2018-06-11 00:00:03.768696', 'data': '今天已打卡，明天再来吧！'}
{'time': '2018-06-11 00:00:03.937620', 'data': '今天已打卡，明天再来吧！'}
{'time': '2018-06-11 00:00:04.120235', 'data': '今天已打卡，明天再来吧！'}
{'time': '2018-06-11 00:00:04.314585', 'data': '今天已打卡，明天再来吧！'}
{'time': '2018-06-11 00:00:04.604622', 'data': '今天已打卡，明天再来吧！'}
{'time': '2018-06-11 00:00:04.781372', 'data': '今天已打卡，明天再来吧！'}
{'time': '2018-06-11 00:00:04.963199', 'data': '今天已打卡，明天再来吧！'}
{'time': '2018-06-11 00:00:05.130206', 'data': '今天已打卡，明天再来吧！'}
{'time': '2018-06-11 00:00:05.305788', 'data': '今天已打卡，明天再来吧！'}
{'time': '2018-06-11 00:00:05.535289', 'data': '今天已打卡，明天再来吧！'}
{'time': '2018-06-12 00:00:03.504773', 'data': ''}
{'time': '2018-06-12 00:00:03.692187', 'data': '今天已打卡，明天再来吧！'}
{'time': '2018-06-12 00:00:03.864067', 'data': '今天已打卡，明天再来吧！'}
{'time': '2018-06-12 00:00:04.051764', 'data': '今天已打卡，明天再来吧！'}
{'time': '2018-06-12 00:00:04.254753', 'data': '今天已打卡，明天再来吧！'}
{'time': '2018-06-12 00:00:04.426769', 'data': '今天已打卡，明天再来吧！'}
{'time': '2018-06-12 00:00:04.598425', 'data': '今天已打卡，明天再来吧！'}
{'time': '2018-06-12 00:00:04.785909', 'data': '今天已打卡，明天再来吧！'}
{'time': '2018-06-12 00:00:04.973394', 'data': '今天已打卡，明天再来吧！'}
{'time': '2018-06-12 00:00:05.145302', 'data': '今天已打卡，明天再来吧！'}
{'time': '2018-06-12 00:00:05.317147', 'data': '今天已打卡，明天再来吧！'}
{'time': '2018-06-12 00:00:05.504728', 'data': '今天已打卡，明天再来吧！'}
{'time': '2018-06-12 00:00:05.660915', 'data': '今天已打卡，明天再来吧！'}
{'time': '2018-06-12 00:00:05.832772', 'data': '今天已打卡，明天再来吧！'}
{'time': '2018-06-12 00:00:06.035882', 'data': '今天已打卡，明天再来吧！'}
{'time': '2018-06-12 00:00:06.192149', 'data': '今天已打卡，明天再来吧！'}
{'time': '2018-06-12 11:53:18.015692', 'data': '今天已打卡，明天再来吧！'}
{'time': '2018-06-12 11:53:18.187558', 'data': '今天已打卡，明天再来吧！'}
{'time': '2018-06-12 11:53:19.281314', 'data': '{"code":"0000","resultFlowNum":"130","resultIsToday":"1","resultSDays":"7"}'}
{'time': '2018-06-12 11:53:25.547142', 'data': '今天已打卡，明天再来吧！'}
{'time': '2018-06-12 11:53:25.718808', 'data': '今天已打卡，明天再来吧！'}
{'time': '2018-06-12 11:53:26.281294', 'data': '{"code":"0000","resultFlowNum":"130","resultIsToday":"1","resultSDays":"7"}'}
{'time': '2018-06-12 11:53:32.734421', 'data': '今天已打卡，明天再来吧！'}
{'time': '2018-06-12 11:53:32.890694', 'data': '今天已打卡，明天再来吧！'}
{'time': '2018-06-12 11:53:33.375129', 'data': '{"code":"0000","resultFlowNum":"130","resultIsToday":"1","resultSDays":"7"}'}
{'time': '2018-06-12 11:53:39.640688', 'data': '今天已打卡，明天再来吧！'}
{'time': '2018-06-12 11:53:39.812560', 'data': '今天已打卡，明天再来吧！'}
{'time': '2018-06-12 11:53:40.297421', 'data': '{"code":"0000","resultFlowNum":"130","resultIsToday":"1","resultSDays":"7"}'}
{'time': '2018-06-13 00:00:03.436522', 'data': '<?xml version="1.0" encoding="utf-8"?><!DOCTYPE html>\n<html xmlns="http://www.w3.org/1999/xhtml">\n<head>\n<meta http-equiv="Content-Type" content="text/html; charset=utf-8">\n<meta http-equiv="Cache-control" content="no-cache" />\n<meta name="viewport" content="width=device-width, initial-scale=1.0, user-scalable=no, minimum-scale=1.0, maximum-scale=1.0">\n<meta name="format-detection" content="telephone=no" />\n<meta name="keywords" content="" />\n<meta name="description" content=",MIUI论坛" />\n<title>提示信息 -  MIUI论坛 -  手机版</title>\n<link rel="stylesheet" href="/static/image/mobile/style.css?k0Veeeeeeeeeeeeee" type="text/css" media="all">\n<link rel="stylesheet" href="/static/image/mobile/theme_v2/styles/reset.css?k0Ve" type="text/css" media="all">\n<script src="/static/js/mobile/jquery-1.8.3.min.js?k0V" type="text/javascript"></script>\n\n\n<script type="text/javascript">var STYLEID = \'6\', STATICURL = \'/static/\', IMGDIR = \'https://static.bbs.miui.com/static/image/miui/base\', VERHASH = \'k0V\', charset = \'utf-8\', discuz_uid = \'2245572882\', cookiepre = \'MIUI_2132_\', cookiedomain = \'\', cookiepath = \'/\', showusercard = \'1\', attackevasive = \'0\', disallowfloat = \'login|newthread\', creditnotice = \'\', defaultstyle = \'\', REPORTURL = \'\', SITEURL = \'http://www.miui.com/\', JSPATH = \'//static.bbs.miui.com/static/js/\', ISAPP = 0;</script>\n\n<script src="/static/js/mobile/common.js?k0V" type="text/javascript" charset="utf-8"></script>\n<script>\n$(function(){\nif( ISAPP == 1 ){\n$(".footer>div").eq(1).hide();\n$(".header").css({"position": "fixed", "left": "0", "top": "0", "width": "100%", "z-index": "9999"});\n$("<div style=\'height: 46px;\'></div>").prependTo($(".bg"));\n}\n\ntry {\n// 设置小米黄页浏览器标题\nif (/MiuiYellowPage/gi.test(navigator.userAgent)) {\nfunction callNative(fn) {\n    (function(e) {\n        var t = "MiuiYellowPageApi",\n            n = function(t) {\n                try {\n                    e(t)\n                } catch (n) {\n                    alert(n.message)\n                }\n            },\n            r = window,\n            i = r[t];\n        i ? n(i) : document.addEventListener("yellowpageApiReady", function(e) {\n            setTimeout(function() {\n                n(r[t])\n            }, 1)\n        })\n    })\n    (function(api) {\n        fn(api);\n    });\n}\n\ncallNative(function(api) {\n    api.call(\'setTitle\', \'MIUI论坛\');\n});\n}\n} catch (x) {\n\n}\n})\n\n</script>\n</head>\n\n<body class="bg">\n\n\n<!-- header start -->\n<header class="header">\n                                                          <a class="header_left icon_6" href="group.php?mobile=2"></a>\n                <div class="header_center icon_5"></div>\n                </header>\n<!-- header end -->\n<!-- main jump start -->\n<div class="jump_c">\n                <p><div class="face"></div><span class="s_msg">不是进行中的任务</span></p>\n                        <div class="s_forward">\n<p>如何您的浏览器没有自动跳转，请<a class="grey" href="javascript:history.back();">点此跳转</a></p>\n    </div>\n</div>\n<!-- main jump end -->\n\n<div style="height:150px;"></div>\n<div id="mask" style="display:none;"></div>\n<div class="footer">\n<div>\n<a href="home.php?mod=space&amp;uid=2245572882&amp;do=profile&amp;mycenter=1&amp;mobile=2">sunny开始学坏</a> , <a href="member.php?mod=logging&amp;action=logout&amp;formhash=FORMHASH&amp;mobile=2" title="退出" class="dialog">退出</a>\n</div>\n    <div style="margin-bottom:15px;">\n<a href="javascript:;" style="color:#D7D7D7;">触屏版</a> | \n<a href="http://www.miui.com/extra.php?mod=sign/index&op=sign&mobile=no">电脑版</a> \n    </div>\n</div>\n\n\n<!-- 添加悬浮框 start--><!--<style type="text/css">-->\n<!--#scrollToTop{bottom: 65px !important;}-->\n<!--.app_download{background-color: #4a4150;height: 50px;position: fixed;bottom: 0;left: 0;right: 0;display: none;}-->\n<!--#app .app{padding-left: 60px;background: url(/static/index7/images/forumAppDownload/download_3.png) no-repeat -30px 9px;background-size: 159px 93px;height: 50px;}-->\n<!--#app .app h2{font-size: 15px;color: #ffffff;padding-top: 9px;line-height: 18px;}-->\n<!--#app .app h3{font-size: 10px;color: #ffffff;line-height: 14px;}-->\n<!--#app .download_close{position: absolute;right: 0;top: 0;padding-top: 10px;}-->\n<!--#app .download_close a{display: block;float: left;background-color: #29c971;color: white;line-height: 30px;height: 30px;width: 88px;border-radius: 3px;text-align: center;font-size: 12px;margin-right: 30px;}-->\n<!--#app .download_close button{border: none;width: 13px;height: 13px;background: url(/static/index7/images/forumAppDownload/download_3.png) no-repeat -146px -40px;background-size: 159px 93px;margin-right: 15px;margin-top: 9px;}-->\n<!--</style>-->\n<!--<div class="app_download" id="app">-->\n<!--<div class="app">-->\n<!--<h2>签到赢小米Max</h2>-->\n<!--<h3>APP专属:6.03-6.06</h3>-->\n<!--</div>-->\n<!--<div class="download_close">-->\n<!--<a href="javascript:void(0)" onclick="appOn()">APP打开</a>-->\n<!--<button onclick="hideFloat()"></button>-->\n<!--</div>-->\n<!--<div id="iframe_container" style="display: none;"></div>-->\n<!--<script type="text/javascript">-->\n    <!--function showApp(){-->\n    \t<!--var partern = /4512063/i;-->\n    \t<!--if (!partern.test(window.location.href)) {-->\n    \t\t<!--var float = document.getElementById(\'app\');-->\n<!--float.style.display = "block";-->\n    \t<!--};-->\n    <!--}-->\n    <!--showApp();-->\n<!--function hideFloat(){-->\n<!--var float = document.getElementById(\'app\');-->\n<!--float.style.display = "none";-->\n<!--}-->\n<!--function XHR() {-->\n        <!--var xhr;-->\n        <!--try {xhr = new XMLHttpRequest();}-->\n        <!--catch(e) {-->\n            <!--var IEXHRVers =["Msxml3.XMLHTTP","Msxml2.XMLHTTP","Microsoft.XMLHTTP"];-->\n            <!--for (var i=0,len=IEXHRVers.length;i< len;i++) {-->\n                <!--try {xhr = new ActiveXObject(IEXHRVers[i]);}-->\n                <!--catch(e) {continue;}-->\n            <!--}-->\n        <!--}-->\n        <!--return xhr;-->\n    <!--}-->\n<!--function appOn(event){-->\n<!--try{-->\n<!--var url = "http://api.bbs.miui.com/app/index/stat";-->\n<!--var xhr = XHR();-->\n    <!--//open方法 创建一个新的http请求，并指定此请求的方法、URL以及验证信息(用户名/密码)-->\n    <!--xhr.open("post",url,true);-->\n    <!--xhr.setRequestHeader("Content-Type","application/x-www-form-urlencoded");-->\n    <!--//另外,数据是通过send方法发送的-->\n    <!--xhr.send("url=mobileAppOpen://" + window.location.hostname);-->\n    <!--}-->\n    <!--catch(e){};-->\n<!--var event =  window.event || arguments.callee.caller.arguments[0];-->\n<!--event.preventDefault();-->\n<!--if(is_weixin()){-->\n<!--window.location.href = "http://a.app.qq.com/o/simple.jsp?pkgname=com.miui.miuibbs";-->\n<!--return false;-->\n<!--}-->\n<!--var iframeStr = \'<iframe id="callapp_iframe_1446690600870" src="miuibbs://www.miui.com/thread-4387162-1-1.html" style="display: none; border: 0px; width: 0px; height: 0px;"></iframe>\'-->\n<!--//\t\tvar iframeStr = \'<iframe id="callapp_iframe_1446690600870" src="\'+location.href.replace(/^https?:/, \'miuibbs:\')+\'" style="display: none; border: 0px; width: 0px; height: 0px;"></iframe>\';-->\n    <!--var bodyElem = document.getElementById("iframe_container");-->\n    <!--bodyElem.innerHTML = iframeStr;-->\n    <!--var initTime = new Date();-->\n    <!--initTime = initTime.getTime();-->\n    <!--setTimeout(function(){-->\n        <!--var currentTime = new Date();-->\n        <!--currentTime = currentTime.getTime()-->\n        <!--console.log(currentTime - initTime)-->\n        <!--if(currentTime - initTime <= 1000){-->\n            <!--window.location.href = "http://www.miui.com/zt/download.html";-->\n        <!--};-->\n    <!--}, 300);-->\n<!--}-->\n<!--//判断是否为微信浏览器打开-->\n<!--function is_weixin(){-->\n<!--var ua = navigator.userAgent.toLowerCase();-->\n<!--if(ua.match(/MicroMessenger/i)=="micromessenger") {-->\n<!--return true;-->\n \t<!--} else {-->\n<!--return false;-->\n<!--}-->\n<!--}-->\n<!--</script>-->\n<!--</div>-->\n<!-- 添加悬浮框 end-->\n<div style="display:none;">\n<div style="display:none;">\r\n<script src="//s17.cnzz.com/stat.php?id=2441309&web_id=2441309&show=pic" type="text/javascript" type="text/javascript"></script>\r\n<script src=\'//w.cnzz.com/c.php?id=30049650\' language=\'JavaScript\'></script>\r\n<script>\r\nvar _hmt = _hmt || [];\r\n(function() {\r\n  var hm = document.createElement("script");\r\n  hm.src = "//hm.baidu.com/hm.js?3c5ef0d4b3098aba138e8ff4e86f1329";\r\n  var s = document.getElementsByTagName("script")[0]; \r\n  s.parentNode.insertBefore(hm, s);\r\n})();\r\n</script>\r\n</div></div>\n<div style="display:none;">\n\t\n                \n\n\n<script>\n(function(tag, inject) {\nvar field = tag + \'h\' + \'a\' + \'s\' + \'h\';\nvar elements = document.getElementsByTagName(tag);\nfor(var i = 0; i < elements.length; i++) { if(elements[i][field]) inject(elements[i][field]); }\n})(\'f\' + \'o\' + \'r\' + \'m\', function(field) {\nvar key = field.value;\nfield.value += \':\';\nfor(var i = 0; i < key.length; i++) {\nfield.value += key.charAt(key.length - 1 - i);\n}\n//\t\t\tconsole.log(field);\n});\n</script>\n</div>\n\n</body>\n</html>'}
{'time': '2018-06-13 00:00:03.936526', 'data': '今天已打卡，明天再来吧！'}
{'time': '2018-06-13 00:00:05.186516', 'data': '{"code":"0000","resultFlowNum":"0","resultIsToday":"0","resultSDays":"0"}'}
{'time': '2018-06-13 00:00:42.499101', 'data': '{"code":"0000","resultFlowNum":"0","resultIsToday":"0","resultSDays":"0"}'}
{'time': '2018-06-14 00:00:03.148500', 'data': ''}
{'time': '2018-06-14 00:00:03.605532', 'data': '今天已打卡，明天再来吧！'}
{'time': '2018-06-14 00:00:04.754098', 'data': '{"code":"9999","msg":"未登录！"}'}
{'time': '2018-06-14 00:00:05.338937', 'data': '{"code":"9999","msg":"未登录！"}'}
{'time': '2018-06-14 00:00:05.493239', 'data': 'Bad Request'}
{'time': '2018-06-14 10:10:42.220807', 'data': '今天已打卡，明天再来吧！'}
{'time': '2018-06-14 10:10:42.390717', 'data': '今天已打卡，明天再来吧！'}
{'time': '2018-06-14 10:10:43.949308', 'data': '{"code":"9999","msg":"未登录！"}'}
{'time': '2018-06-14 10:10:44.435641', 'data': '{"code":"9999","msg":"未登录！"}'}
{'time': '2018-06-14 10:10:44.528408', 'data': 'Bad Request'}
{'time': '2018-06-14 10:10:45.033295', 'data': '{"code":"9999"}'}
{'time': '2018-06-14 10:10:45.142676', 'data': '{"head":{"requestTime":"1528942245066","respTime":null,"usdTime":"19","ticket":null,"respCode":0,"respMsg":"成功","targetCenter":"/lls-gold-center","targetMethod":"/lls-gold-center/sign/userSignIn","channelCode":null,"userIp":"","usdCached":"false","token":null,"cloudSessionID":null},"body":{"msg":"签到成功","titleMsg":"坚持就有好的收获，预祝您硕果累累","boxState":"N","boxMsg":"您还差5次累计签到，即可解锁大宝箱哦~","goldNum":"2","boxType":"","boxUrl":""}}'}
{'time': '2018-06-14 10:10:51.425146', 'data': '今天已打卡，明天再来吧！'}
{'time': '2018-06-14 10:10:51.602636', 'data': '今天已打卡，明天再来吧！'}
{'time': '2018-06-14 10:10:52.110544', 'data': '{"code":"9999","msg":"未登录！"}'}
{'time': '2018-06-14 10:10:52.553805', 'data': '{"code":"9999","msg":"未登录！"}'}
{'time': '2018-06-14 10:10:52.581139', 'data': 'Bad Request'}
{'time': '2018-06-14 10:10:52.965082', 'data': '{"code":"9999"}'}
{'time': '2018-06-14 10:10:53.015716', 'data': '{"head":{"requestTime":"1528942248857","respTime":null,"usdTime":"1","ticket":null,"respCode":1,"respMsg":"您今天已经签过到了","targetCenter":"/lls-gold-center","targetMethod":"/lls-gold-center/sign/userSignIn","channelCode":null,"userIp":"","usdCached":"false","token":null,"cloudSessionID":null},"body":{"msg":"您今天已经签过到了","titleMsg":"","boxState":"","boxMsg":"","goldNum":"","boxType":"","boxUrl":""}}'}
{'time': '2018-06-14 10:10:59.238372', 'data': '今天已打卡，明天再来吧！'}
{'time': '2018-06-14 10:10:59.415152', 'data': '今天已打卡，明天再来吧！'}
{'time': '2018-06-14 10:10:59.935671', 'data': '{"code":"9999","msg":"未登录！"}'}
{'time': '2018-06-14 10:11:00.445407', 'data': '{"code":"9999","msg":"未登录！"}'}
{'time': '2018-06-14 10:11:00.492274', 'data': 'Bad Request'}
{'time': '2018-06-14 10:11:00.832150', 'data': '{"code":"9999"}'}
{'time': '2018-06-14 10:11:00.885832', 'data': '{"head":{"requestTime":"1528942254663","respTime":null,"usdTime":"4","ticket":null,"respCode":1,"respMsg":"您今天已经签过到了","targetCenter":"/lls-gold-center","targetMethod":"/lls-gold-center/sign/userSignIn","channelCode":null,"userIp":"","usdCached":"false","token":null,"cloudSessionID":null},"body":{"msg":"您今天已经签过到了","titleMsg":"","boxState":"","boxMsg":"","goldNum":"","boxType":"","boxUrl":""}}'}
{'time': '2018-06-15 00:00:02.903059', 'data': '<?xml version="1.0" encoding="utf-8"?><!DOCTYPE html>\n<html xmlns="http://www.w3.org/1999/xhtml">\n<head>\n<meta http-equiv="Content-Type" content="text/html; charset=utf-8">\n<meta http-equiv="Cache-control" content="no-cache" />\n<meta name="viewport" content="width=device-width, initial-scale=1.0, user-scalable=no, minimum-scale=1.0, maximum-scale=1.0">\n<meta name="format-detection" content="telephone=no" />\n<meta name="keywords" content="" />\n<meta name="description" content=",MIUI论坛" />\n<title>提示信息 -  MIUI论坛 -  手机版</title>\n<link rel="stylesheet" href="/static/image/mobile/style.css?k0Veeeeeeeeeeeeee" type="text/css" media="all">\n<link rel="stylesheet" href="/static/image/mobile/theme_v2/styles/reset.css?k0Ve" type="text/css" media="all">\n<script src="/static/js/mobile/jquery-1.8.3.min.js?k0V" type="text/javascript"></script>\n\n\n<script type="text/javascript">var STYLEID = \'6\', STATICURL = \'/static/\', IMGDIR = \'https://static.bbs.miui.com/static/image/miui/base\', VERHASH = \'k0V\', charset = \'utf-8\', discuz_uid = \'2245572882\', cookiepre = \'MIUI_2132_\', cookiedomain = \'\', cookiepath = \'/\', showusercard = \'1\', attackevasive = \'0\', disallowfloat = \'login|newthread\', creditnotice = \'\', defaultstyle = \'\', REPORTURL = \'\', SITEURL = \'http://www.miui.com/\', JSPATH = \'//static.bbs.miui.com/static/js/\', ISAPP = 0;</script>\n\n<script src="/static/js/mobile/common.js?k0V" type="text/javascript" charset="utf-8"></script>\n<script>\n$(function(){\nif( ISAPP == 1 ){\n$(".footer>div").eq(1).hide();\n$(".header").css({"position": "fixed", "left": "0", "top": "0", "width": "100%", "z-index": "9999"});\n$("<div style=\'height: 46px;\'></div>").prependTo($(".bg"));\n}\n\ntry {\n// 设置小米黄页浏览器标题\nif (/MiuiYellowPage/gi.test(navigator.userAgent)) {\nfunction callNative(fn) {\n    (function(e) {\n        var t = "MiuiYellowPageApi",\n            n = function(t) {\n                try {\n                    e(t)\n                } catch (n) {\n                    alert(n.message)\n                }\n            },\n            r = window,\n            i = r[t];\n        i ? n(i) : document.addEventListener("yellowpageApiReady", function(e) {\n            setTimeout(function() {\n                n(r[t])\n            }, 1)\n        })\n    })\n    (function(api) {\n        fn(api);\n    });\n}\n\ncallNative(function(api) {\n    api.call(\'setTitle\', \'MIUI论坛\');\n});\n}\n} catch (x) {\n\n}\n})\n\n</script>\n</head>\n\n<body class="bg">\n\n\n<!-- header start -->\n<header class="header">\n                                                          <a class="header_left icon_6" href="group.php?mobile=2"></a>\n                <div class="header_center icon_5"></div>\n                </header>\n<!-- header end -->\n<!-- main jump start -->\n<div class="jump_c">\n                <p><div class="face"></div><span class="s_msg">不是进行中的任务</span></p>\n                        <div class="s_forward">\n<p>如何您的浏览器没有自动跳转，请<a class="grey" href="javascript:history.back();">点此跳转</a></p>\n    </div>\n</div>\n<!-- main jump end -->\n\n<div style="height:150px;"></div>\n<div id="mask" style="display:none;"></div>\n<div class="footer">\n<div>\n<a href="home.php?mod=space&amp;uid=2245572882&amp;do=profile&amp;mycenter=1&amp;mobile=2">sunny开始学坏</a> , <a href="member.php?mod=logging&amp;action=logout&amp;formhash=FORMHASH&amp;mobile=2" title="退出" class="dialog">退出</a>\n</div>\n    <div style="margin-bottom:15px;">\n<a href="javascript:;" style="color:#D7D7D7;">触屏版</a> | \n<a href="http://www.miui.com/extra.php?mod=sign/index&op=sign&mobile=no">电脑版</a> \n    </div>\n</div>\n\n\n<!-- 添加悬浮框 start--><!--<style type="text/css">-->\n<!--#scrollToTop{bottom: 65px !important;}-->\n<!--.app_download{background-color: #4a4150;height: 50px;position: fixed;bottom: 0;left: 0;right: 0;display: none;}-->\n<!--#app .app{padding-left: 60px;background: url(/static/index7/images/forumAppDownload/download_3.png) no-repeat -30px 9px;background-size: 159px 93px;height: 50px;}-->\n<!--#app .app h2{font-size: 15px;color: #ffffff;padding-top: 9px;line-height: 18px;}-->\n<!--#app .app h3{font-size: 10px;color: #ffffff;line-height: 14px;}-->\n<!--#app .download_close{position: absolute;right: 0;top: 0;padding-top: 10px;}-->\n<!--#app .download_close a{display: block;float: left;background-color: #29c971;color: white;line-height: 30px;height: 30px;width: 88px;border-radius: 3px;text-align: center;font-size: 12px;margin-right: 30px;}-->\n<!--#app .download_close button{border: none;width: 13px;height: 13px;background: url(/static/index7/images/forumAppDownload/download_3.png) no-repeat -146px -40px;background-size: 159px 93px;margin-right: 15px;margin-top: 9px;}-->\n<!--</style>-->\n<!--<div class="app_download" id="app">-->\n<!--<div class="app">-->\n<!--<h2>签到赢小米Max</h2>-->\n<!--<h3>APP专属:6.03-6.06</h3>-->\n<!--</div>-->\n<!--<div class="download_close">-->\n<!--<a href="javascript:void(0)" onclick="appOn()">APP打开</a>-->\n<!--<button onclick="hideFloat()"></button>-->\n<!--</div>-->\n<!--<div id="iframe_container" style="display: none;"></div>-->\n<!--<script type="text/javascript">-->\n    <!--function showApp(){-->\n    \t<!--var partern = /4512063/i;-->\n    \t<!--if (!partern.test(window.location.href)) {-->\n    \t\t<!--var float = document.getElementById(\'app\');-->\n<!--float.style.display = "block";-->\n    \t<!--};-->\n    <!--}-->\n    <!--showApp();-->\n<!--function hideFloat(){-->\n<!--var float = document.getElementById(\'app\');-->\n<!--float.style.display = "none";-->\n<!--}-->\n<!--function XHR() {-->\n        <!--var xhr;-->\n        <!--try {xhr = new XMLHttpRequest();}-->\n        <!--catch(e) {-->\n            <!--var IEXHRVers =["Msxml3.XMLHTTP","Msxml2.XMLHTTP","Microsoft.XMLHTTP"];-->\n            <!--for (var i=0,len=IEXHRVers.length;i< len;i++) {-->\n                <!--try {xhr = new ActiveXObject(IEXHRVers[i]);}-->\n                <!--catch(e) {continue;}-->\n            <!--}-->\n        <!--}-->\n        <!--return xhr;-->\n    <!--}-->\n<!--function appOn(event){-->\n<!--try{-->\n<!--var url = "http://api.bbs.miui.com/app/index/stat";-->\n<!--var xhr = XHR();-->\n    <!--//open方法 创建一个新的http请求，并指定此请求的方法、URL以及验证信息(用户名/密码)-->\n    <!--xhr.open("post",url,true);-->\n    <!--xhr.setRequestHeader("Content-Type","application/x-www-form-urlencoded");-->\n    <!--//另外,数据是通过send方法发送的-->\n    <!--xhr.send("url=mobileAppOpen://" + window.location.hostname);-->\n    <!--}-->\n    <!--catch(e){};-->\n<!--var event =  window.event || arguments.callee.caller.arguments[0];-->\n<!--event.preventDefault();-->\n<!--if(is_weixin()){-->\n<!--window.location.href = "http://a.app.qq.com/o/simple.jsp?pkgname=com.miui.miuibbs";-->\n<!--return false;-->\n<!--}-->\n<!--var iframeStr = \'<iframe id="callapp_iframe_1446690600870" src="miuibbs://www.miui.com/thread-4387162-1-1.html" style="display: none; border: 0px; width: 0px; height: 0px;"></iframe>\'-->\n<!--//\t\tvar iframeStr = \'<iframe id="callapp_iframe_1446690600870" src="\'+location.href.replace(/^https?:/, \'miuibbs:\')+\'" style="display: none; border: 0px; width: 0px; height: 0px;"></iframe>\';-->\n    <!--var bodyElem = document.getElementById("iframe_container");-->\n    <!--bodyElem.innerHTML = iframeStr;-->\n    <!--var initTime = new Date();-->\n    <!--initTime = initTime.getTime();-->\n    <!--setTimeout(function(){-->\n        <!--var currentTime = new Date();-->\n        <!--currentTime = currentTime.getTime()-->\n        <!--console.log(currentTime - initTime)-->\n        <!--if(currentTime - initTime <= 1000){-->\n            <!--window.location.href = "http://www.miui.com/zt/download.html";-->\n        <!--};-->\n    <!--}, 300);-->\n<!--}-->\n<!--//判断是否为微信浏览器打开-->\n<!--function is_weixin(){-->\n<!--var ua = navigator.userAgent.toLowerCase();-->\n<!--if(ua.match(/MicroMessenger/i)=="micromessenger") {-->\n<!--return true;-->\n \t<!--} else {-->\n<!--return false;-->\n<!--}-->\n<!--}-->\n<!--</script>-->\n<!--</div>-->\n<!-- 添加悬浮框 end-->\n<div style="display:none;">\n<div style="display:none;">\r\n<script src="//s17.cnzz.com/stat.php?id=2441309&web_id=2441309&show=pic" type="text/javascript" type="text/javascript"></script>\r\n<script src=\'//w.cnzz.com/c.php?id=30049650\' language=\'JavaScript\'></script>\r\n<script>\r\nvar _hmt = _hmt || [];\r\n(function() {\r\n  var hm = document.createElement("script");\r\n  hm.src = "//hm.baidu.com/hm.js?3c5ef0d4b3098aba138e8ff4e86f1329";\r\n  var s = document.getElementsByTagName("script")[0]; \r\n  s.parentNode.insertBefore(hm, s);\r\n})();\r\n</script>\r\n</div></div>\n<div style="display:none;">\n\t\n                \n\n\n<script>\n(function(tag, inject) {\nvar field = tag + \'h\' + \'a\' + \'s\' + \'h\';\nvar elements = document.getElementsByTagName(tag);\nfor(var i = 0; i < elements.length; i++) { if(elements[i][field]) inject(elements[i][field]); }\n})(\'f\' + \'o\' + \'r\' + \'m\', function(field) {\nvar key = field.value;\nfield.value += \':\';\nfor(var i = 0; i < key.length; i++) {\nfield.value += key.charAt(key.length - 1 - i);\n}\n//\t\t\tconsole.log(field);\n});\n</script>\n</div>\n\n</body>\n</html>'}
{'time': '2018-06-15 00:00:03.106192', 'data': '今天已打卡，明天再来吧！'}
{'time': '2018-06-15 00:00:04.465542', 'data': '{"code":"9999","msg":"未登录！"}'}
{'time': '2018-06-15 00:00:04.965520', 'data': '{"code":"9999","msg":"未登录！"}'}
{'time': '2018-06-15 00:00:05.168830', 'data': 'Bad Request'}
{'time': '2018-06-15 00:00:05.684260', 'data': '{}'}
{'time': '2018-06-15 00:00:06.106123', 'data': '{}'}
{'time': '2018-06-15 00:00:06.496820', 'data': '{}'}
{'time': '2018-06-15 00:00:06.621821', 'data': '{"head":{"requestTime":null,"respTime":null,"usdTime":null,"ticket":null,"respCode":403,"respMsg":"未登陆，或者会话失效2bb5fb8811464f168a9159650f90a1d2","targetCenter":null,"targetMethod":null,"channelCode":null,"userIp":"","usdCached":null,"token":null,"cloudSessionID":null},"body":null}'}
{'time': '2018-06-16 00:00:00.421654', 'data': ''}
{'time': '2018-06-16 00:00:00.890251', 'data': '今天已打卡，明天再来吧！'}
{'time': '2018-06-16 00:00:01.593326', 'data': '{"code":"9999","msg":"未登录！"}'}
{'time': '2018-06-16 00:00:01.999659', 'data': '{"code":"9999","msg":"未登录！"}'}
{'time': '2018-06-16 00:00:02.062071', 'data': 'Bad Request'}
{'time': '2018-06-16 00:00:02.406027', 'data': '{"code":"9999"}'}
{'time': '2018-06-16 00:00:02.733942', 'data': '{"code":"9999"}'}
{'time': '2018-06-16 00:00:03.140218', 'data': '{"code":"9999"}'}
{'time': '2018-06-16 00:00:03.187078', 'data': '{"head":{"requestTime":null,"respTime":null,"usdTime":null,"ticket":null,"respCode":403,"respMsg":"未登陆，或者会话失效2bb5fb8811464f168a9159650f90a1d2","targetCenter":null,"targetMethod":null,"channelCode":null,"userIp":"","usdCached":null,"token":null,"cloudSessionID":null},"body":null}'}
{'time': '2018-06-17 00:00:00.281530', 'data': ''}
{'time': '2018-06-17 00:00:00.469023', 'data': '今天已打卡，明天再来吧！'}
{'time': '2018-06-17 00:00:01.031508', 'data': '{"code":"9999","msg":"未登录！"}'}
{'time': '2018-06-17 00:00:01.453390', 'data': '{"code":"9999","msg":"未登录！"}'}
{'time': '2018-06-17 00:00:01.609634', 'data': 'Bad Request'}
{'time': '2018-06-17 00:00:02.031527', 'data': '{"code":"9999"}'}
{'time': '2018-06-17 00:00:02.375351', 'data': '{"code":"9999"}'}
{'time': '2018-06-17 00:00:02.719011', 'data': '{"code":"9999"}'}
{'time': '2018-06-17 00:00:02.750343', 'data': '{"head":{"requestTime":null,"respTime":null,"usdTime":null,"ticket":null,"respCode":403,"respMsg":"未登陆，或者会话失效2bb5fb8811464f168a9159650f90a1d2","targetCenter":null,"targetMethod":null,"channelCode":null,"userIp":"","usdCached":null,"token":null,"cloudSessionID":null},"body":null}'}
{'time': '2018-06-18 00:00:00.311629', 'data': ''}
{'time': '2018-06-18 00:00:00.483502', 'data': '今天已打卡，明天再来吧！'}
{'time': '2018-06-18 00:00:01.139756', 'data': '{"code":"9999","msg":"未登录！"}'}
{'time': '2018-06-18 00:00:01.592875', 'data': '{"code":"9999","msg":"未登录！"}'}
{'time': '2018-06-18 00:00:01.764741', 'data': 'Bad Request'}
{'time': '2018-06-18 00:00:02.108487', 'data': '{"code":"9999"}'}
{'time': '2018-06-18 00:00:02.436602', 'data': '{"code":"9999"}'}
{'time': '2018-06-18 00:00:02.780353', 'data': '{"code":"9999"}'}
{'time': '2018-06-18 00:00:02.796191', 'data': '{"head":{"requestTime":null,"respTime":null,"usdTime":null,"ticket":null,"respCode":403,"respMsg":"未登陆，或者会话失效2bb5fb8811464f168a9159650f90a1d2","targetCenter":null,"targetMethod":null,"channelCode":null,"userIp":"","usdCached":null,"token":null,"cloudSessionID":null},"body":null}'}
{'time': '2018-06-18 13:51:31.394258', 'data': '今天已打卡，明天再来吧！'}
{'time': '2018-06-18 13:51:31.519225', 'data': '今天已打卡，明天再来吧！'}
{'time': '2018-06-18 13:51:31.737930', 'data': '{"code":"9999","msg":"未登录！"}'}
{'time': '2018-06-18 13:51:31.925452', 'data': '{"code":"9999","msg":"未登录！"}'}
{'time': '2018-06-18 13:51:32.003592', 'data': 'Bad Request'}
{'time': '2018-06-18 13:51:32.362975', 'data': '{"code":"9999"}'}
{'time': '2018-06-18 13:51:32.659845', 'data': '{"code":"9999"}'}
{'time': '2018-06-18 13:51:32.878623', 'data': '{"code":"9999"}'}
{'time': '2018-06-18 13:51:32.972342', 'data': '{"head":{"requestTime":null,"respTime":null,"usdTime":null,"ticket":null,"respCode":403,"respMsg":"未登陆，或者会话失效2bb5fb8811464f168a9159650f90a1d2","targetCenter":null,"targetMethod":null,"channelCode":null,"userIp":"","usdCached":null,"token":null,"cloudSessionID":null},"body":null}'}
{'time': '2018-06-19 00:00:00.236853', 'data': ''}
{'time': '2018-06-19 00:00:00.377460', 'data': '今天已打卡，明天再来吧！'}
{'time': '2018-06-19 00:00:00.580604', 'data': '{"code":"9999","msg":"未登录！"}'}
{'time': '2018-06-19 00:00:00.830584', 'data': '{"code":"9999","msg":"未登录！"}'}
{'time': '2018-06-19 00:00:00.924346', 'data': 'Bad Request'}
{'time': '2018-06-19 00:00:01.143089', 'data': '{"code":"9999"}'}
{'time': '2018-06-19 00:00:01.346228', 'data': '{"code":"9999"}'}
{'time': '2018-06-19 00:00:01.518108', 'data': '{"code":"9999"}'}
{'time': '2018-06-19 00:00:01.614914', 'data': '{"head":{"requestTime":null,"respTime":null,"usdTime":null,"ticket":null,"respCode":403,"respMsg":"未登陆，或者会话失效2bb5fb8811464f168a9159650f90a1d2","targetCenter":null,"targetMethod":null,"channelCode":null,"userIp":"","usdCached":null,"token":null,"cloudSessionID":null},"body":null}'}
{'time': '2018-06-20 00:00:00.316323', 'data': '今天已打卡，明天再来吧！'}
{'time': '2018-06-20 00:00:00.472571', 'data': '今天已打卡，明天再来吧！'}
{'time': '2018-06-20 00:00:00.738215', 'data': '{"code":"9999","msg":"未登录！"}'}
{'time': '2018-06-20 00:00:00.956948', 'data': '{"code":"9999","msg":"未登录！"}'}
{'time': '2018-06-20 00:00:01.035065', 'data': 'Bad Request'}
{'time': '2018-06-20 00:00:01.253799', 'data': '{"code":"9999"}'}
{'time': '2018-06-20 00:00:01.441320', 'data': '{"code":"9999"}'}
{'time': '2018-06-20 00:00:01.769498', 'data': '{"code":"9999"}'}
{'time': '2018-06-20 00:00:01.878822', 'data': '{"head":{"requestTime":null,"respTime":null,"usdTime":null,"ticket":null,"respCode":403,"respMsg":"未登陆，或者会话失效2bb5fb8811464f168a9159650f90a1d2","targetCenter":null,"targetMethod":null,"channelCode":null,"userIp":"","usdCached":null,"token":null,"cloudSessionID":null},"body":null}'}
{'time': '2018-06-21 00:00:00.245314', 'data': '今天已打卡，明天再来吧！'}
{'time': '2018-06-21 00:00:00.385971', 'data': '今天已打卡，明天再来吧！'}
{'time': '2018-06-21 00:00:00.604702', 'data': '{"code":"9999","msg":"未登录！"}'}
{'time': '2018-06-21 00:00:00.807803', 'data': '{"code":"9999","msg":"未登录！"}'}
{'time': '2018-06-21 00:00:00.932778', 'data': 'Bad Request'}
{'time': '2018-06-21 00:00:01.260964', 'data': '{"code":"9999"}'}
{'time': '2018-06-21 00:00:01.432806', 'data': '{"code":"9999"}'}
{'time': '2018-06-21 00:00:01.620298', 'data': '{"code":"9999"}'}
{'time': '2018-06-21 00:00:01.714052', 'data': '{"head":{"requestTime":null,"respTime":null,"usdTime":null,"ticket":null,"respCode":403,"respMsg":"未登陆，或者会话失效2bb5fb8811464f168a9159650f90a1d2","targetCenter":null,"targetMethod":null,"channelCode":null,"userIp":"","usdCached":null,"token":null,"cloudSessionID":null},"body":null}'}
{'time': '2018-06-22 00:00:00.252382', 'data': ''}
{'time': '2018-06-22 00:00:00.377418', 'data': '今天已打卡，明天再来吧！'}
{'time': '2018-06-22 00:00:00.596140', 'data': '{"code":"9999","msg":"未登录！"}'}
{'time': '2018-06-22 00:00:01.049273', 'data': '{"code":"9999","msg":"未登录！"}'}
{'time': '2018-06-22 00:00:01.189888', 'data': 'Bad Request'}
{'time': '2018-06-22 00:00:01.596144', 'data': '{"code":"9999"}'}
{'time': '2018-06-22 00:00:01.939925', 'data': '{"code":"9999"}'}
{'time': '2018-06-22 00:00:02.221160', 'data': '{"code":"9999"}'}
{'time': '2018-06-22 00:00:02.299275', 'data': '{"head":{"requestTime":null,"respTime":null,"usdTime":null,"ticket":null,"respCode":403,"respMsg":"未登陆，或者会话失效2bb5fb8811464f168a9159650f90a1d2","targetCenter":null,"targetMethod":null,"channelCode":null,"userIp":"","usdCached":null,"token":null,"cloudSessionID":null},"body":null}'}